app/build/intermediates/manifest_merge_blame_file/debug/manifest-merger-blame-debug-report.txt
1<?xml version="1.0" encoding="utf-8"?>
2<manifest xmlns:android="http://schemas.android.com/apk/res/android"
3    package="com.example.user.bluetooth_communication"
4    android:versionCode="1"
5    android:versionName="1.0" >
6
7    <uses-sdk
8        android:minSdkVersion="22"
8-->src/main/AndroidManifest.xml
9        android:targetSdkVersion="32" />
9-->src/main/AndroidManifest.xml
10
11    <uses-feature android:name="android.hardware.bluetooth" />
11-->src/main/AndroidManifest.xml:6:5-63
11-->src/main/AndroidManifest.xml:6:19-60
12
13    <uses-permission android:name="android.permission.BLUETOOTH" />
13-->src/main/AndroidManifest.xml:8:5-68
13-->src/main/AndroidManifest.xml:8:22-65
14    <uses-permission android:name="android.permission.BLUETOOTH_ADMIN" />
14-->src/main/AndroidManifest.xml:9:5-74
14-->src/main/AndroidManifest.xml:9:22-71
15    <uses-permission android:name="android.permission.ACCESS_COARSE_LOCATION" />
15-->src/main/AndroidManifest.xml:10:5-81
15-->src/main/AndroidManifest.xml:10:22-78
16    <uses-permission android:name="android.permission.ACCESS_FINE_LOCATION" />
16-->src/main/AndroidManifest.xml:11:5-79
16-->src/main/AndroidManifest.xml:11:22-76
17    <uses-permission android:name="android.permission.INTERNET" />
17-->src/main/AndroidManifest.xml:12:5-67
17-->src/main/AndroidManifest.xml:12:22-64
18    <uses-permission android:name="android.permission.ACCESS_NETWORK_STATE" />
18-->src/main/AndroidManifest.xml:13:5-78
18-->src/main/AndroidManifest.xml:13:22-76
19    <uses-permission android:name="android.permission.BLUETOOTH_PRIVILEGED" />
19-->src/main/AndroidManifest.xml:14:5-16:47
19-->src/main/AndroidManifest.xml:15:9-63
20
21    <application
21-->src/main/AndroidManifest.xml:18:5-45:19
22        android:allowBackup="true"
22-->src/main/AndroidManifest.xml:19:9-35
23        android:appComponentFactory="androidx.core.app.CoreComponentFactory"
23-->[androidx.core:core:1.5.0] AndroidManifest.xml:24:18-86
24        android:debuggable="true"
25        android:icon="@mipmap/ic_launcher"
25-->src/main/AndroidManifest.xml:20:9-43
26        android:label="@string/app_name"
26-->src/main/AndroidManifest.xml:21:9-41
27        android:supportsRtl="true"
27-->src/main/AndroidManifest.xml:22:9-35
28        android:theme="@style/AppTheme" >
28-->src/main/AndroidManifest.xml:23:9-40
29        <activity
29-->src/main/AndroidManifest.xml:24:9-26:40
30            android:name="com.example.user.bluetooth_communication.ui.PairedActivity"
30-->src/main/AndroidManifest.xml:25:13-46
31            android:exported="false" />
31-->src/main/AndroidManifest.xml:26:13-37
32        <activity
32-->src/main/AndroidManifest.xml:27:9-29:40
33            android:name="com.example.user.bluetooth_communication.ui.LoginActivity"
33-->src/main/AndroidManifest.xml:28:13-45
34            android:exported="false" />
34-->src/main/AndroidManifest.xml:29:13-37
35        <activity
35-->src/main/AndroidManifest.xml:30:9-32:40
36            android:name="com.example.user.bluetooth_communication.ui.SelectDeviceActivity"
36-->src/main/AndroidManifest.xml:31:13-52
37            android:exported="false" />
37-->src/main/AndroidManifest.xml:32:13-37
38        <activity
38-->src/main/AndroidManifest.xml:33:9-41:20
39            android:name="com.example.user.bluetooth_communication.ui.SplashScreenActivity"
39-->src/main/AndroidManifest.xml:34:13-52
40            android:exported="true" >
40-->src/main/AndroidManifest.xml:35:13-36
41            <intent-filter>
41-->src/main/AndroidManifest.xml:36:13-40:29
42                <action android:name="android.intent.action.MAIN" />
42-->src/main/AndroidManifest.xml:37:17-69
42-->src/main/AndroidManifest.xml:37:25-66
43
44                <category android:name="android.intent.category.LAUNCHER" />
44-->src/main/AndroidManifest.xml:39:17-77
44-->src/main/AndroidManifest.xml:39:27-74
45            </intent-filter>
46        </activity>
47        <activity
47-->src/main/AndroidManifest.xml:42:9-44:39
48            android:name="com.example.user.bluetooth_communication.ui.MainActivity"
48-->src/main/AndroidManifest.xml:43:13-44
49            android:exported="false" />
49-->src/main/AndroidManifest.xml:44:13-37
50    </application>
51
52</manifest>